2025-07-05 19:56:41,769 - __main__ - INFO - Redis connection established
2025-07-05 19:56:41,826 - werkzeug - INFO - [31m[1mWARNING: This is a development server. Do not use it in a production deployment. Use a production WSGI server instead.[0m
 * Running on http://127.0.0.1:5000
2025-07-05 19:56:41,827 - werkzeug - INFO - [33mPress CTRL+C to quit[0m
2025-07-05 19:56:41,828 - werkzeug - INFO -  * Restarting with stat
2025-07-05 19:56:43,216 - __main__ - INFO - Redis connection established
2025-07-05 19:56:43,258 - werkzeug - WARNING -  * Debugger is active!
2025-07-05 19:56:43,272 - werkzeug - INFO -  * Debugger PIN: 570-051-950
2025-07-05 19:56:43,356 - __main__ - INFO - Starting to fetch fund data
2025-07-05 19:56:43,880 - fetch_mf_returns - INFO - Successfully fetched and cached data for Bandhan Small Cap Fund
2025-07-05 19:56:43,941 - fetch_mf_returns - INFO - Successfully fetched and cached data for Quant Small Cap Fund
2025-07-05 19:56:44,573 - __main__ - INFO - Starting to fetch fund data
2025-07-05 19:56:44,576 - fetch_mf_returns - INFO - Cache hit for Quant Small Cap Fund
2025-07-05 19:56:44,576 - fetch_mf_returns - INFO - Cache hit for Bandhan Small Cap Fund
2025-07-05 19:56:44,781 - fetch_mf_returns - INFO - Successfully fetched and cached data for Quant Mid Cap Fund
2025-07-05 19:56:44,840 - fetch_mf_returns - INFO - Successfully fetched and cached data for Nippon India Small Cap Fund
2025-07-05 19:56:45,045 - fetch_mf_returns - INFO - Successfully fetched and cached data for Nippon India Small Cap Fund
2025-07-05 19:56:45,110 - fetch_mf_returns - INFO - Successfully fetched and cached data for Quant Mid Cap Fund
2025-07-05 19:56:45,783 - fetch_mf_returns - INFO - Successfully fetched and cached data for Parag Parikh Flexi Cap Direct-Growth
2025-07-05 19:56:45,834 - fetch_mf_returns - INFO - Successfully fetched and cached data for Edelweiss Mid Cap Fund
2025-07-05 19:56:45,924 - fetch_mf_returns - INFO - Successfully fetched and cached data for Nippon India Growth Fund
2025-07-05 19:56:45,977 - fetch_mf_returns - INFO - Successfully fetched and cached data for Motilal Oswal Midcap 30 Fund
2025-07-05 19:56:46,698 - fetch_mf_returns - INFO - Successfully fetched and cached data for Motilal Oswal Midcap 30 Fund
2025-07-05 19:56:46,760 - fetch_mf_returns - INFO - Successfully fetched and cached data for Quant ELSS Tax Saver Direct-Growth
2025-07-05 19:56:46,917 - fetch_mf_returns - INFO - Successfully fetched and cached data for Parag Parikh Flexi Cap Direct-Growth
2025-07-05 19:56:46,978 - fetch_mf_returns - INFO - Successfully fetched and cached data for Nippon India Growth Fund
2025-07-05 19:56:47,619 - fetch_mf_returns - INFO - Successfully fetched and cached data for Edelweiss Mid Cap Fund
2025-07-05 19:56:47,619 - __main__ - INFO - Successfully fetched data for 9 funds
2025-07-05 19:56:47,623 - __main__ - INFO - Successfully prepared data for template rendering: 9 funds
2025-07-05 19:56:47,658 - werkzeug - INFO - 127.0.0.1 - - [05/Jul/2025 19:56:47] "GET / HTTP/1.1" 200 -
2025-07-05 19:56:47,778 - werkzeug - INFO - 127.0.0.1 - - [05/Jul/2025 19:56:47] "GET /static/style.css HTTP/1.1" 200 -
2025-07-05 19:56:47,897 - fetch_mf_returns - INFO - Successfully fetched and cached data for Quant ELSS Tax Saver Direct-Growth
2025-07-05 19:56:47,899 - __main__ - INFO - Successfully fetched data for 9 funds
2025-07-05 19:56:47,901 - __main__ - INFO - Successfully prepared data for template rendering: 9 funds
2025-07-05 19:56:47,901 - werkzeug - INFO - 127.0.0.1 - - [05/Jul/2025 19:56:47] "GET / HTTP/1.1" 200 -
2025-07-05 19:56:47,968 - werkzeug - INFO - 127.0.0.1 - - [05/Jul/2025 19:56:47] "[36mGET /static/style.css HTTP/1.1[0m" 304 -
2025-07-05 19:58:56,136 - __main__ - INFO - Redis cache hit for get_cached_data:4397060522038066203
2025-07-05 19:58:56,141 - werkzeug - INFO - 127.0.0.1 - - [05/Jul/2025 19:58:56] "GET /api/funds HTTP/1.1" 200 -
2025-07-05 19:59:46,380 - __main__ - INFO - Redis cache hit for get_cached_data:4397060522038066203
2025-07-05 19:59:46,382 - werkzeug - INFO - 127.0.0.1 - - [05/Jul/2025 19:59:46] "GET /api/funds HTTP/1.1" 200 -
2025-07-12 15:13:35,777 - __main__ - INFO - Redis connection established
2025-07-12 15:13:35,884 - werkzeug - INFO - [31m[1mWARNING: This is a development server. Do not use it in a production deployment. Use a production WSGI server instead.[0m
 * Running on http://127.0.0.1:5000
2025-07-12 15:13:35,884 - werkzeug - INFO - [33mPress CTRL+C to quit[0m
2025-07-12 15:13:35,920 - werkzeug - INFO -  * Restarting with stat
2025-07-12 15:13:36,992 - __main__ - INFO - Redis connection established
2025-07-12 15:13:37,017 - werkzeug - WARNING -  * Debugger is active!
2025-07-12 15:13:37,021 - werkzeug - INFO -  * Debugger PIN: 342-181-202
2025-07-12 15:13:37,187 - __main__ - INFO - Starting to fetch fund data
2025-07-12 15:13:37,708 - fetch_mf_returns - INFO - Successfully fetched and cached data for Bandhan Small Cap Fund
2025-07-12 15:13:37,804 - fetch_mf_returns - INFO - Successfully fetched and cached data for Quant Small Cap Fund
2025-07-12 15:13:38,286 - __main__ - INFO - Starting to fetch fund data
2025-07-12 15:13:38,288 - fetch_mf_returns - INFO - Cache hit for Quant Small Cap Fund
2025-07-12 15:13:38,288 - fetch_mf_returns - INFO - Cache hit for Bandhan Small Cap Fund
2025-07-12 15:13:38,685 - fetch_mf_returns - INFO - Successfully fetched and cached data for Nippon India Small Cap Fund
2025-07-12 15:13:38,740 - fetch_mf_returns - INFO - Successfully fetched and cached data for Parag Parikh Flexi Cap Direct-Growth
2025-07-12 15:13:38,996 - fetch_mf_returns - INFO - Successfully fetched and cached data for Quant Mid Cap Fund
2025-07-12 15:13:39,072 - fetch_mf_returns - INFO - Successfully fetched and cached data for Nippon India Small Cap Fund
2025-07-12 15:13:39,511 - fetch_mf_returns - INFO - Successfully fetched and cached data for Quant Mid Cap Fund
2025-07-12 15:13:39,794 - fetch_mf_returns - INFO - Successfully fetched and cached data for Edelweiss Mid Cap Fund
2025-07-12 15:13:40,260 - fetch_mf_returns - INFO - Successfully fetched and cached data for Nippon India Growth Fund
2025-07-12 15:13:40,272 - fetch_mf_returns - INFO - Successfully fetched and cached data for Nippon India Growth Fund
2025-07-12 15:13:40,855 - fetch_mf_returns - INFO - Successfully fetched and cached data for Edelweiss Mid Cap Fund
2025-07-12 15:13:40,911 - fetch_mf_returns - INFO - Successfully fetched and cached data for Motilal Oswal Midcap 30 Fund
2025-07-12 15:13:40,977 - fetch_mf_returns - INFO - Successfully fetched and cached data for Quant ELSS Tax Saver Direct-Growth
2025-07-12 15:13:41,030 - fetch_mf_returns - INFO - Successfully fetched and cached data for Parag Parikh Flexi Cap Direct-Growth
2025-07-12 15:13:42,016 - fetch_mf_returns - INFO - Successfully fetched and cached data for Motilal Oswal Midcap 30 Fund
2025-07-12 15:13:42,032 - fetch_mf_returns - INFO - Successfully fetched and cached data for Quant ELSS Tax Saver Direct-Growth
2025-07-12 15:13:42,034 - __main__ - INFO - Successfully fetched data for 9 funds
2025-07-12 15:13:42,034 - __main__ - INFO - Successfully fetched data for 9 funds
2025-07-12 15:13:42,036 - __main__ - INFO - Successfully prepared data for template rendering: 9 funds
2025-07-12 15:13:42,038 - __main__ - INFO - Successfully prepared data for template rendering: 9 funds
2025-07-12 15:13:42,152 - werkzeug - INFO - 127.0.0.1 - - [12/Jul/2025 15:13:42] "GET / HTTP/1.1" 200 -
2025-07-12 15:13:42,157 - werkzeug - INFO - 127.0.0.1 - - [12/Jul/2025 15:13:42] "GET / HTTP/1.1" 200 -
2025-07-12 15:13:42,372 - werkzeug - INFO - 127.0.0.1 - - [12/Jul/2025 15:13:42] "GET /static/style.css HTTP/1.1" 200 -
2025-07-12 15:13:42,372 - werkzeug - INFO - 127.0.0.1 - - [12/Jul/2025 15:13:42] "GET /static/style.css HTTP/1.1" 200 -
2025-07-12 15:13:42,466 - werkzeug - INFO - 127.0.0.1 - - [12/Jul/2025 15:13:42] "[33mGET /favicon.ico HTTP/1.1[0m" 404 -
